# JRE version: Java(TM) SE Runtime Environment (20.0.2+9) (build 20.0.2+9-78)
# Java VM: Java HotSpot(TM) 64-Bit Server VM (20.0.2+9-78, mixed mode, emulated-client, sharing, tiered, compressed oops, compressed class ptrs, g1 gc, windows-amd64)
GC Precious Log:
 CardTable entry size: 512
 Card Set container configuration: InlinePtr #cards 5 size 8 Array Of Cards #cards 12 size 40 Howl #buckets 4 coarsen threshold 1843 Howl Bitmap #cards 512 size 80 coarsen threshold 460 Card regions per heap region 1 cards per card region 2048
 CPUs: 8 total, 8 available
 Memory: 8039M
 Large Page Support: Disabled
 NUMA Support: Disabled
 Compressed Oops: Enabled (32-bit)
 Heap Region Size: 1M
 Heap Min Capacity: 8M
 Heap Initial Capacity: 126M
 Heap Max Capacity: 2010M
 Pre-touch: Disabled
 Parallel Workers: 8
 Concurrent Workers: 2
 Concurrent Refinement Workers: 8
 Periodic GC: Disabled
Heap:
 garbage-first heap   total 70656K, used 44903K [0x0000000082600000, 0x0000000100000000)
  region size 1024K, 7 young (7168K), 2 survivors (2048K)
 Metaspace       used 51907K, committed 52544K, reserved 1114112K
  class space    used 7292K, committed 7616K, reserved 1048576K
GC Heap History (20 events):
Event: 6.033 GC heap before
{Heap before GC invocations=5 (full 0):
 garbage-first heap   total 65536K, used 48956K [0x0000000082600000, 0x0000000100000000)
  region size 1024K, 38 young (38912K), 7 survivors (7168K)
 Metaspace       used 22037K, committed 22464K, reserved 1114112K
  class space    used 2836K, committed 3008K, reserved 1048576K
}
Event: 6.044 GC heap after
{Heap after GC invocations=6 (full 0):
 garbage-first heap   total 65536K, used 19838K [0x0000000082600000, 0x0000000100000000)
  region size 1024K, 5 young (5120K), 5 survivors (5120K)
 Metaspace       used 22037K, committed 22464K, reserved 1114112K
  class space    used 2836K, committed 3008K, reserved 1048576K
}
Event: 7.533 GC heap before
{Heap before GC invocations=6 (full 0):
 garbage-first heap   total 65536K, used 50558K [0x0000000082600000, 0x0000000100000000)
  region size 1024K, 35 young (35840K), 5 survivors (5120K)
 Metaspace       used 24966K, committed 25344K, reserved 1114112K
  class space    used 3298K, committed 3456K, reserved 1048576K
}
Event: 7.541 GC heap after
{Heap after GC invocations=7 (full 0):
 garbage-first heap   total 65536K, used 21692K [0x0000000082600000, 0x0000000100000000)
  region size 1024K, 5 young (5120K), 5 survivors (5120K)
 Metaspace       used 24966K, committed 25344K, reserved 1114112K
  class space    used 3298K, committed 3456K, reserved 1048576K
}
Event: 9.082 GC heap before
{Heap before GC invocations=7 (full 0):
 garbage-first heap   total 65536K, used 53436K [0x0000000082600000, 0x0000000100000000)
  region size 1024K, 36 young (36864K), 5 survivors (5120K)
 Metaspace       used 30014K, committed 30464K, reserved 1114112K
  class space    used 4016K, committed 4224K, reserved 1048576K
}
Event: 9.090 GC heap after
{Heap after GC invocations=8 (full 0):
 garbage-first heap   total 65536K, used 24225K [0x0000000082600000, 0x0000000100000000)
  region size 1024K, 5 young (5120K), 5 survivors (5120K)
 Metaspace       used 30014K, committed 30464K, reserved 1114112K
  class space    used 4016K, committed 4224K, reserved 1048576K
}
Event: 10.405 GC heap before
{Heap before GC invocations=8 (full 0):
 garbage-first heap   total 65536K, used 53921K [0x0000000082600000, 0x0000000100000000)
  region size 1024K, 34 young (34816K), 5 survivors (5120K)
 Metaspace       used 33542K, committed 34048K, reserved 1114112K
  class space    used 4573K, committed 4800K, reserved 1048576K
}
Event: 10.414 GC heap after
{Heap after GC invocations=9 (full 0):
 garbage-first heap   total 65536K, used 26365K [0x0000000082600000, 0x0000000100000000)
  region size 1024K, 5 young (5120K), 5 survivors (5120K)
 Metaspace       used 33542K, committed 34048K, reserved 1114112K
  class space    used 4573K, committed 4800K, reserved 1048576K
}
Event: 10.979 GC heap before
{Heap before GC invocations=9 (full 0):
 garbage-first heap   total 65536K, used 59133K [0x0000000082600000, 0x0000000100000000)
  region size 1024K, 32 young (32768K), 5 survivors (5120K)
 Metaspace       used 35287K, committed 35776K, reserved 1114112K
  class space    used 4755K, committed 4992K, reserved 1048576K
}
Event: 10.989 GC heap after
{Heap after GC invocations=10 (full 0):
 garbage-first heap   total 68608K, used 29578K [0x0000000082600000, 0x0000000100000000)
  region size 1024K, 5 young (5120K), 5 survivors (5120K)
 Metaspace       used 35287K, committed 35776K, reserved 1114112K
  class space    used 4755K, committed 4992K, reserved 1048576K
}
Event: 11.698 GC heap before
{Heap before GC invocations=11 (full 0):
 garbage-first heap   total 68608K, used 58250K [0x0000000082600000, 0x0000000100000000)
  region size 1024K, 33 young (33792K), 5 survivors (5120K)
 Metaspace       used 36711K, committed 37248K, reserved 1114112K
  class space    used 4986K, committed 5184K, reserved 1048576K
}
Event: 11.707 GC heap after
{Heap after GC invocations=12 (full 0):
 garbage-first heap   total 68608K, used 32147K [0x0000000082600000, 0x0000000100000000)
  region size 1024K, 3 young (3072K), 3 survivors (3072K)
 Metaspace       used 36711K, committed 37248K, reserved 1114112K
  class space    used 4986K, committed 5184K, reserved 1048576K
}
Event: 12.550 GC heap before
{Heap before GC invocations=12 (full 0):
 garbage-first heap   total 68608K, used 57747K [0x0000000082600000, 0x0000000100000000)
  region size 1024K, 28 young (28672K), 3 survivors (3072K)
 Metaspace       used 39630K, committed 40256K, reserved 1114112K
  class space    used 5411K, committed 5696K, reserved 1048576K
}
Event: 12.556 GC heap after
{Heap after GC invocations=13 (full 0):
 garbage-first heap   total 68608K, used 32679K [0x0000000082600000, 0x0000000100000000)
  region size 1024K, 3 young (3072K), 3 survivors (3072K)
 Metaspace       used 39630K, committed 40256K, reserved 1114112K
  class space    used 5411K, committed 5696K, reserved 1048576K
}
Event: 13.475 GC heap before
{Heap before GC invocations=13 (full 0):
 garbage-first heap   total 68608K, used 58279K [0x0000000082600000, 0x0000000100000000)
  region size 1024K, 29 young (29696K), 3 survivors (3072K)
 Metaspace       used 43997K, committed 44608K, reserved 1114112K
  class space    used 6074K, committed 6336K, reserved 1048576K
}
Event: 13.482 GC heap after
{Heap after GC invocations=14 (full 0):
 garbage-first heap   total 68608K, used 35316K [0x0000000082600000, 0x0000000100000000)
  region size 1024K, 4 young (4096K), 4 survivors (4096K)
 Metaspace       used 43997K, committed 44608K, reserved 1114112K
  class space    used 6074K, committed 6336K, reserved 1048576K
}
Event: 13.983 GC heap before
{Heap before GC invocations=14 (full 0):
 garbage-first heap   total 68608K, used 59892K [0x0000000082600000, 0x0000000100000000)
  region size 1024K, 28 young (28672K), 4 survivors (4096K)
 Metaspace       used 46079K, committed 46784K, reserved 1114112K
  class space    used 6391K, committed 6720K, reserved 1048576K
}
Event: 13.991 GC heap after
{Heap after GC invocations=15 (full 0):
 garbage-first heap   total 68608K, used 39446K [0x0000000082600000, 0x0000000100000000)
  region size 1024K, 4 young (4096K), 4 survivors (4096K)
 Metaspace       used 46079K, committed 46784K, reserved 1114112K
  class space    used 6391K, committed 6720K, reserved 1048576K
}
Event: 14.864 GC heap before
{Heap before GC invocations=16 (full 0):
 garbage-first heap   total 70656K, used 58902K [0x0000000082600000, 0x0000000100000000)
  region size 1024K, 24 young (24576K), 4 survivors (4096K)
 Metaspace       used 50836K, committed 51456K, reserved 1114112K
  class space    used 7082K, committed 7360K, reserved 1048576K
}
Event: 14.870 GC heap after
{Heap after GC invocations=17 (full 0):
 garbage-first heap   total 70656K, used 40807K [0x0000000082600000, 0x0000000100000000)
  region size 1024K, 2 young (2048K), 2 survivors (2048K)
 Metaspace       used 50836K, committed 51456K, reserved 1114112K
  class space    used 7082K, committed 7360K, reserved 1048576K
}

